<?xml version="1.0" encoding="UTF-8"?>
<testsuite name="MessageEmitterTest" tests="1" skipped="0" failures="0" errors="0" timestamp="2020-03-30T15:08:00" hostname="DESKTOP-HF118DL" time="0.052">
  <properties/>
  <testcase name="testHelloReplyMessage" classname="MessageEmitterTest" time="0.052"/>
  <system-out><![CDATA[]]></system-out>
  <system-err><![CDATA[SLF4J: No SLF4J providers were found.
SLF4J: Defaulting to no-operation (NOP) logger implementation
SLF4J: See http://www.slf4j.org/codes.html#noProviders for further details.
]]></system-err>
</testsuite>
